<?xml version="1.0" encoding="UTF-8"?>
<!-- Generated by org.testng.reporters.JUnitXMLReporter -->
<testsuite ignored="0" hostname="Srinivas-PC" failures="0" tests="2" name="Test2" time="11.782" errors="0" timestamp="2024-05-07T13:04:57 IST">
  <testcase classname="CrossBrowser.Base" name="@BeforeMethod LoginFunctionality" time="2.536">
    <failure type="org.openqa.selenium.NoSuchSessionException" message="WebDriver session does not exist, or is not active
Build info: version: &amp;apos;4.12.1&amp;apos;, revision: &amp;apos;8e34639b11&amp;apos;
System info: os.name: &amp;apos;Windows 11&amp;apos;, os.arch: &amp;apos;amd64&amp;apos;, os.version: &amp;apos;10.0&amp;apos;, java.version: &amp;apos;21.0.3&amp;apos;
Driver info: org.openqa.selenium.firefox.FirefoxDriver
Command: [56a667d6-c45b-427e-a203-da4833e075fb, findElement {using=xpath, value=//a[@class=&amp;apos;ico-login&amp;apos;]}]
Capabilities {acceptInsecureCerts: true, browserName: firefox, browserVersion: 125.0.3, moz:accessibilityChecks: false, moz:buildID: 20240425211020, moz:debuggerAddress: 127.0.0.1:32077, moz:geckodriverVersion: 0.34.0, moz:headless: false, moz:platformVersion: 10.0, moz:processID: 31568, moz:profile: C:\Users\chenn\AppData\Loca..., moz:shutdownTimeout: 60000, moz:webdriverClick: true, moz:windowless: false, pageLoadStrategy: normal, platformName: windows, proxy: Proxy(), se:cdp: ws://127.0.0.1:32077/devtoo..., se:cdpVersion: 85.0, setWindowRect: true, strictFileInteractability: false, timeouts: {implicit: 0, pageLoad: 300000, script: 30000}, unhandledPromptBehavior: dismiss and notify, userAgent: Mozilla/5.0 (Windows NT 10....}
Session ID: 56a667d6-c45b-427e-a203-da4833e075fb">
      <![CDATA[org.openqa.selenium.NoSuchSessionException: WebDriver session does not exist, or is not active
Build info: version: '4.12.1', revision: '8e34639b11'
System info: os.name: 'Windows 11', os.arch: 'amd64', os.version: '10.0', java.version: '21.0.3'
Driver info: org.openqa.selenium.firefox.FirefoxDriver
Command: [56a667d6-c45b-427e-a203-da4833e075fb, findElement {using=xpath, value=//a[@class='ico-login']}]
Capabilities {acceptInsecureCerts: true, browserName: firefox, browserVersion: 125.0.3, moz:accessibilityChecks: false, moz:buildID: 20240425211020, moz:debuggerAddress: 127.0.0.1:32077, moz:geckodriverVersion: 0.34.0, moz:headless: false, moz:platformVersion: 10.0, moz:processID: 31568, moz:profile: C:\Users\chenn\AppData\Loca..., moz:shutdownTimeout: 60000, moz:webdriverClick: true, moz:windowless: false, pageLoadStrategy: normal, platformName: windows, proxy: Proxy(), se:cdp: ws://127.0.0.1:32077/devtoo..., se:cdpVersion: 85.0, setWindowRect: true, strictFileInteractability: false, timeouts: {implicit: 0, pageLoad: 300000, script: 30000}, unhandledPromptBehavior: dismiss and notify, userAgent: Mozilla/5.0 (Windows NT 10....}
Session ID: 56a667d6-c45b-427e-a203-da4833e075fb
at org.openqa.selenium.remote.codec.w3c.W3CHttpResponseCodec.createException(W3CHttpResponseCodec.java:200)
at org.openqa.selenium.remote.codec.w3c.W3CHttpResponseCodec.decode(W3CHttpResponseCodec.java:133)
at org.openqa.selenium.remote.codec.w3c.W3CHttpResponseCodec.decode(W3CHttpResponseCodec.java:52)
at org.openqa.selenium.remote.HttpCommandExecutor.execute(HttpCommandExecutor.java:191)
at org.openqa.selenium.remote.service.DriverCommandExecutor.invokeExecute(DriverCommandExecutor.java:196)
at org.openqa.selenium.remote.service.DriverCommandExecutor.execute(DriverCommandExecutor.java:171)
at org.openqa.selenium.remote.RemoteWebDriver.execute(RemoteWebDriver.java:602)
at org.openqa.selenium.remote.ElementLocation$ElementFinder$2.findElement(ElementLocation.java:165)
at org.openqa.selenium.remote.ElementLocation.findElement(ElementLocation.java:59)
at org.openqa.selenium.remote.RemoteWebDriver.findElement(RemoteWebDriver.java:359)
at org.openqa.selenium.remote.RemoteWebDriver.findElement(RemoteWebDriver.java:353)
at CrossBrowser.Base.LoginFunctionality(Base.java:60)
at java.base/java.util.ArrayList.forEach(ArrayList.java:1596)
at java.base/java.util.concurrent.FutureTask.run(FutureTask.java:317)
at java.base/java.util.concurrent.ThreadPoolExecutor.runWorker(ThreadPoolExecutor.java:1144)
at java.base/java.util.concurrent.ThreadPoolExecutor$Worker.run(ThreadPoolExecutor.java:642)
at java.base/java.lang.Thread.run(Thread.java:1583)
... Removed 23 stack frames]]>
    </failure>
  </testcase> <!-- @BeforeMethod LoginFunctionality -->
  <testcase classname="CrossBrowser.Base" name="@AfterMethod LogoutFunctionality" time="-1.715067297874E9">
    <skipped/>
  </testcase> <!-- @AfterMethod LogoutFunctionality -->
  <testcase classname="CrossBrowser.Base" name="@BeforeMethod LoginFunctionality" time="-1.715067297883E9">
    <skipped/>
  </testcase> <!-- @BeforeMethod LoginFunctionality -->
  <testcase classname="CrossBrowser.Base" name="@AfterMethod LogoutFunctionality" time="-1.715067297894E9">
    <skipped/>
  </testcase> <!-- @AfterMethod LogoutFunctionality -->
  <testcase classname="CrossBrowser.Base" name="@AfterClass CloseBrowser" time="-1.715067297901E9">
    <skipped/>
  </testcase> <!-- @AfterClass CloseBrowser -->
  <testcase classname="CrossBrowser.TestCase1" name="TC" time="0.0">
    <skipped/>
  </testcase> <!-- TC -->
  <testcase classname="CrossBrowser.TestCase1" name="TCC" time="0.0">
    <skipped/>
  </testcase> <!-- TCC -->
</testsuite> <!-- Test2 -->
