<?xml version="1.0" encoding="UTF-8"?>
<testng-results ignored="0" total="1" passed="1" failed="0" skipped="0">
  <reporter-output>
  </reporter-output>
  <suite started-at="2024-05-09T12:33:45 IST" name="Default suite" finished-at="2024-05-09T12:33:46 IST" duration-ms="1188">
    <groups>
    </groups>
    <test started-at="2024-05-09T12:33:45 IST" name="Default test" finished-at="2024-05-09T12:33:46 IST" duration-ms="1188">
      <class name="AutomatingExcelWroksheet.TestCase1">
        <test-method signature="tcc()[pri:0, instance:AutomatingExcelWroksheet.TestCase1@4278a03f]" started-at="2024-05-09T12:33:45 IST" name="tcc" finished-at="2024-05-09T12:33:46 IST" duration-ms="1122" status="PASS">
          <reporter-output>
          </reporter-output>
        </test-method> <!-- tcc -->
      </class> <!-- AutomatingExcelWroksheet.TestCase1 -->
    </test> <!-- Default test -->
  </suite> <!-- Default suite -->
</testng-results>
